
12 Aug 2014, 10:42:58: Tracker-Warning **: Couldn't properly parse desktop file 'file:///usr/share/desktop-directories/02-07-nessus.directory': 'Couldn't load desktop file:'/usr/share/desktop-directories/02-07-nessus.directory''

13 Aug 2014, 15:54:41: GLib-GIO-Critical **: Error while sending AddMatch() message: The connection is closed

13 Aug 2014, 15:54:41: GLib-GIO-Critical **: Error while sending AddMatch() message: The connection is closed

13 Aug 2014, 15:54:41: GLib-GIO-Critical **: Error while sending AddMatch() message: The connection is closed

14 Aug 2014, 03:25:35: Tracker-Warning **: Couldn't properly parse desktop file 'file:///usr/share/desktop-directories/02-07-nessus.directory': 'Couldn't load desktop file:'/usr/share/desktop-directories/02-07-nessus.directory''

14 Aug 2014, 03:30:00: GVFS-RemoteVolumeMonitor-Warning **: Owner :1.11 of volume monitor org.gtk.Private.GduVolumeMonitor disconnected from the bus; removing drives/volumes/mounts

14 Aug 2014, 03:30:00: GVFS-RemoteVolumeMonitor-Warning **: Owner :1.12 of volume monitor org.gtk.Private.AfcVolumeMonitor disconnected from the bus; removing drives/volumes/mounts

14 Aug 2014, 03:30:00: GVFS-RemoteVolumeMonitor-Warning **: Owner :1.13 of volume monitor org.gtk.Private.GPhoto2VolumeMonitor disconnected from the bus; removing drives/volumes/mounts

21 Aug 2014, 02:42:40: Tracker-Warning **: Couldn't properly parse desktop file 'file:///usr/share/desktop-directories/02-07-nessus.directory': 'Couldn't load desktop file:'/usr/share/desktop-directories/02-07-nessus.directory''

21 Aug 2014, 02:52:53: GLib-GIO-Critical **: Error while sending AddMatch() message: The connection is closed

21 Aug 2014, 02:52:53: GLib-GIO-Critical **: Error while sending AddMatch() message: The connection is closed

21 Aug 2014, 02:52:53: GLib-GIO-Critical **: Error while sending AddMatch() message: The connection is closed

22 Aug 2014, 04:55:36: Tracker-Warning **: Couldn't properly parse desktop file 'file:///usr/share/desktop-directories/02-07-nessus.directory': 'Couldn't load desktop file:'/usr/share/desktop-directories/02-07-nessus.directory''

22 Aug 2014, 05:00:40: GVFS-RemoteVolumeMonitor-Warning **: Owner :1.11 of volume monitor org.gtk.Private.GduVolumeMonitor disconnected from the bus; removing drives/volumes/mounts

22 Aug 2014, 05:00:40: GLib-GIO-Critical **: Error while sending AddMatch() message: The connection is closed

22 Aug 2014, 05:00:40: GLib-GIO-Critical **: Error while sending AddMatch() message: The connection is closed

22 Aug 2014, 05:00:40: GLib-GIO-Critical **: Error while sending AddMatch() message: The connection is closed

26 Aug 2014, 03:42:48: Tracker-Warning **: Couldn't properly parse desktop file 'file:///usr/share/desktop-directories/02-07-nessus.directory': 'Couldn't load desktop file:'/usr/share/desktop-directories/02-07-nessus.directory''

26 Aug 2014, 03:46:28: GVFS-RemoteVolumeMonitor-Warning **: Owner :1.11 of volume monitor org.gtk.Private.GduVolumeMonitor disconnected from the bus; removing drives/volumes/mounts

26 Aug 2014, 03:46:28: GLib-GIO-Critical **: Error while sending AddMatch() message: The connection is closed

26 Aug 2014, 03:46:28: GLib-GIO-Critical **: Error while sending AddMatch() message: The connection is closed

26 Aug 2014, 03:46:28: GLib-GIO-Critical **: Error while sending AddMatch() message: The connection is closed

26 Aug 2014, 03:50:47: Tracker-Warning **: Couldn't properly parse desktop file 'file:///usr/share/desktop-directories/02-07-nessus.directory': 'Couldn't load desktop file:'/usr/share/desktop-directories/02-07-nessus.directory''

26 Aug 2014, 04:13:49: GVFS-RemoteVolumeMonitor-Warning **: Owner :1.11 of volume monitor org.gtk.Private.GduVolumeMonitor disconnected from the bus; removing drives/volumes/mounts

26 Aug 2014, 04:13:49: GLib-GIO-Critical **: Error while sending AddMatch() message: The connection is closed

26 Aug 2014, 04:13:49: GLib-GIO-Critical **: Error while sending AddMatch() message: The connection is closed

26 Aug 2014, 04:13:49: GLib-GIO-Critical **: Error while sending AddMatch() message: The connection is closed

11 Mar 2018, 12:42:50: Tracker-Warning **: Couldn't properly parse desktop file 'file:///usr/share/desktop-directories/02-07-nessus.directory': 'Couldn't load desktop file:'/usr/share/desktop-directories/02-07-nessus.directory''

12 Mar 2018, 10:11:23: GVFS-RemoteVolumeMonitor-Warning **: Owner :1.11 of volume monitor org.gtk.Private.GduVolumeMonitor disconnected from the bus; removing drives/volumes/mounts

12 Mar 2018, 10:11:23: GVFS-RemoteVolumeMonitor-Warning **: Owner :1.12 of volume monitor org.gtk.Private.AfcVolumeMonitor disconnected from the bus; removing drives/volumes/mounts

12 Mar 2018, 10:11:23: GVFS-RemoteVolumeMonitor-Warning **: Owner :1.13 of volume monitor org.gtk.Private.GPhoto2VolumeMonitor disconnected from the bus; removing drives/volumes/mounts

12 Mar 2018, 10:11:23: GLib-GIO-Critical **: Error while sending AddMatch() message: The connection is closed

12 Mar 2018, 10:11:23: GLib-GIO-Critical **: Error while sending AddMatch() message: The connection is closed

12 Mar 2018, 10:11:23: GLib-GIO-Critical **: Error while sending AddMatch() message: The connection is closed

12 Mar 2018, 10:12:42: Tracker-Warning **: Couldn't properly parse desktop file 'file:///usr/share/desktop-directories/02-07-nessus.directory': 'Couldn't load desktop file:'/usr/share/desktop-directories/02-07-nessus.directory''
